[LOG] SystemI::init                            : FMOD Studio Version: 00010707 (72710)
[LOG] SystemI::init                            : maxchannels = 1024, flags = 00030000, extradriverdata = 0000000000000000
[LOG] SystemI::close                           : 
[LOG] SystemI::close                           : Stop all sounds
[LOG] SystemI::close                           : Remove miscllaneous DSP stuff.
[LOG] SystemI::close                           : done.

[LOG] OutputWASAPI::init                       : Mix Format (WAVEFORMATEX): wFormatTag=0xFFFE, nChannels=2, nSamplesPerSec=44100, nAvgBytesPerSec=352800, nBlockAlign=8, wBitsPerSample=32, cbSize=22.
[LOG] OutputWASAPI::init                       : Mix Format (WAVEFORMATEXTENSIBLE): wValidBitsPerSample=32, dwChannelMask=0x00000003, SubFormat=00000003-0000-0010-8000-00AA00389B71.
[WRN] SystemI::init                            : Output requires a sample rate of 44100Hz, resampling will occur.
[LOG] Thread::initThread                       : Initializing FMOD (WASAPI) feeder thread.  priority 0
[LOG] Thread::initThread                       : - Stacksize 0.  Stack pointer 0000000000000000 : usesemaphore = 0 : sleeptime = 0
[LOG] Thread::callback                         : * FMOD (WASAPI) feeder thread started
[LOG] Thread::initThread                       : Initializing FMOD mixer thread.  priority 2
[LOG] Thread::initThread                       : - Stacksize 49152.  Stack pointer 0000000000000000 : usesemaphore = 1 : sleeptime = 0
[LOG] OutputWASAPI::feederUpdate               : WASAPI feeder thread set to 'Audio' characteristic
[LOG] Thread::callback                         : * FMOD mixer thread started
[LOG] SystemI::init                            : Set up emulated output
[LOG] SystemI::init                            : create the channel pool
[LOG] SystemI::init                            : Set up streamer
[LOG] Thread::initThread                       : Initializing FMOD stream thread.  priority 2
[LOG] Thread::initThread                       : - Stacksize 65536.  Stack pointer 0000000000000000 : usesemaphore = 0 : sleeptime = 10
[LOG] Thread::callback                         : * FMOD stream thread started
[LOG] Thread::initThread                       : Initializing FMOD Studio update thread.  priority 0
[LOG] Thread::initThread                       : - Stacksize 65536.  Stack pointer 0000000000000000 : usesemaphore = 0 : sleeptime = 1
[LOG] Thread::callback                         : * FMOD Studio update thread started
[LOG] LiveUpdate::init                         : 
[LOG] Thread::initThread                       : Initializing FMOD Studio load thread.  priority 0
[LOG] Thread::initThread                       : - Stacksize 65536.  Stack pointer 0000000000000000 : usesemaphore = 0 : sleeptime = 1
[LOG] Thread::callback                         : * FMOD Studio load thread started
[LOG] Profile::init                            : Profiler listening on port: 9264
[LOG] Manager::readBank                        : fileversion = 68, compatVersion = 68 (oldest = 44, newest = 68)
[LOG] Manager::readBank                        : fileversion = 68, compatVersion = 68 (oldest = 44, newest = 68)
[LOG] SystemI::createSound                     : filename = D:\Git\SkillClicker\FMOD\SkillClicker\Build\Desktop/Master Bank.bank : mode 0a010202
[LOG] SystemI::createSound                     : FMOD_NONBLOCKING specified.  Putting into queue to be opened asynchronously!
[LOG] OutputSoftware::createSample             : lengthpcm 0, lengthbytes 0, channels 0, format 0, freq 0, mode 00000000
[LOG] Thread::initThread                       : Initializing FMOD nonblocking thread (0).  priority 1
[LOG] Thread::initThread                       : - Stacksize 81920.  Stack pointer 0000000000000000 : usesemaphore = 1 : sleeptime = 0
[LOG] Thread::callback                         : * FMOD nonblocking thread (0) started
[LOG] SystemI::createSound                     : setdata soundi = 0000000028DBA4A8 : node = 0000000028E50460
[LOG] SystemI::createSound                     : add node to async list : head = 000000002AAEC290.  list count = 0
[LOG] SystemI::createSound                     : filename = D:\Git\SkillClicker\FMOD\SkillClicker\Build\Desktop/Master Bank.bank : mode 0a010202
[LOG] AsyncThread::threadFunc                  : Starting Asynchronous operation on sound 0000000028DBA4A8
[LOG] SystemI::createSound                     : FMOD_NONBLOCKING specified.  Putting into queue to be opened asynchronously!
[LOG] SystemI::createSoundInternal             :     filename = D:\Git\SkillClicker\FMOD\SkillClicker\Build\Desktop/Master Bank.bank : mode 0a010202
[LOG] OutputSoftware::createSample             :     lengthpcm 0, lengthbytes 0, channels 0, format 0, freq 0, mode 00000000
[LOG] SystemI::createSoundInternal             :     exinfo->cbsize             = 216
[LOG] SystemI::createSound                     :     setdata soundi = 0000000028DBA318 : node = 0000000028E505A0
[LOG] SystemI::createSoundInternal             :     exinfo->length             = 35584
[LOG] SystemI::createSound                     :     add node to async list : head = 000000002AAEC290.  list count = 0
[LOG] SystemI::createSoundInternal             :     exinfo->numsubsounds       = 1
[LOG] SystemI::createSound                     :     filename = D:\Git\SkillClicker\FMOD\SkillClicker\Build\Desktop/Master Bank.bank : mode 0a010202
[LOG] SystemI::createSoundInternal             :     exinfo->inclusionlist      = 0000000028E50568
[LOG] SystemI::createSound                     :     FMOD_NONBLOCKING specified.  Putting into queue to be opened asynchronously!
[LOG] SystemI::createSoundInternal             :     exinfo->inclusionlistnum   = 1
[LOG] SystemI::createSoundInternal             :     exinfo->suggestedsoundtype = 5
[LOG] SystemI::createSoundInternal             :     exinfo->initialseekpostype = 1
[LOG] OutputSoftware::createSample             :     lengthpcm 0, lengthbytes 0, channels 0, format 0, freq 0, mode 00000000
[LOG] SystemI::createSound                     :     setdata soundi = 0000000028D43FA8 : node = 0000000028E506E0
[LOG] SystemI::createSound                     :     add node to async list : head = 000000002AAEC290.  list count = 1
[LOG] SystemI::createSound                     :     filename = D:\Git\SkillClicker\FMOD\SkillClicker\Build\Desktop/Master Bank.bank : mode 0a010202
[LOG] SystemI::createSound                     :     FMOD_NONBLOCKING specified.  Putting into queue to be opened asynchronously!
[LOG] OutputSoftware::createSample             :     lengthpcm 0, lengthbytes 0, channels 0, format 0, freq 0, mode 00000000
[LOG] SystemI::createSoundInternal             :     Format has 1 subsounds.
28D44138 : node = 0000000028E50820
[LOG] SystemI::createSound                     :     add node to async list : head = 000000002AAEC290.  list count = 2
[LOG] SystemI::createSoundInternal             :     Create as FMOD_CREATESAMPLE
[LOG] SystemI::createSound                     :     filename = D:\Git\SkillClicker\FMOD\SkillClicker\Build\Desktop/Master Bank.bank : mode 0a010202
[LOG] SystemI::createSoundInternal             :     Multi-sample sound (1 subsounds), create a sample container.
[LOG] SystemI::createSound                     :     FMOD_NONBLOCKING specified.  Putting into queue to be opened asynchronously!
[LOG] OutputSoftware::createSample             :     lengthpcm 0, lengthbytes 0, channels 0, format 0, freq 0, mode 00000000
[LOG] SystemI::createSample                    :     mode 0a010202 length 11284 samples, lengthbytes 3328
[LOG] SystemI::createSound                     :     setdata soundi = 0000000028D442C8 : node = 0000000028E50960
[LOG] SystemI::createSample                    :     channels = 2
[LOG] SystemI::createSample                    :     output = 0000000028DBA188
ad = 000000002AAEC290.  list count = 3
[LOG] OutputSoftware::createSample             :     lengthpcm 11284, lengthbytes 3328, channels 2, format 2, freq 48000, mode 0a01020a
[LOG] SystemI::createSoundInternal             :     done.  OpenState now = FMOD_OPENSTATE_READY.

[LOG] AsyncThread::threadFunc                  : Finished Asynchronous operation on sound 0000000028DBA4A8
[LOG] AsyncThread::threadFunc                  : Starting Asynchronous operation on sound 0000000028DBA318
[LOG] SystemI::createSoundInternal             :     filename = D:\Git\SkillClicker\FMOD\SkillClicker\Build\Desktop/Master Bank.bank : mode 0a010202
[LOG] SystemI::createSoundInternal             :     exinfo->cbsize             = 216
[LOG] SystemI::createSoundInternal             :     exinfo->length             = 35584
[LOG] SystemI::createSoundInternal             :     exinfo->fileoffset         = 13632
[LOG] SystemI::createSoundInternal             :     exinfo->numsubsounds       = 1
[LOG] SystemI::createSoundInternal             :     exinfo->inclusionlist      = 0000000028E506A8
[LOG] SystemI::createSoundInternal             :     exinfo->inclusionlistnum   = 1
[LOG] SystemI::createSoundInternal             :     exinfo->suggestedsoundtype = 5
[LOG] SystemI::createSoundInternal             :     exinfo->initialseekpostype = 1
[LOG] SystemI::createSoundInternal             :     Format has 1 subsounds.
[LOG] SystemI::createSoundInternal             :     Create as FMOD_CREATESAMPLE
[LOG] SystemI::createSoundInternal             :     Multi-sample sound (1 subsounds), create a sample container.
[LOG] SystemI::createSoundInternal             :     creating subsound 0/1
[LOG] SystemI::createSample                    :     mode 0a010202 length 12538 samples, lengthbytes 3424
[LOG] SystemI::createSample                    :     channels = 2
[LOG] SystemI::createSample                    :     output = 0000000028DBA188
[LOG] OutputSoftware::createSample             :     lengthpcm 12538, lengthbytes 3424, channels 2, format 2, freq 48000, mode 0a01020a
[LOG] SystemI::createSoundInternal             :     done.  OpenState now = FMOD_OPENSTATE_READY.

[LOG] AsyncThread::threadFunc                  : Finished Asynchronous operation on sound 0000000028DBA318
[LOG] AsyncThread::threadFunc                  : Starting Asynchronous operation on sound 0000000028D43FA8
[LOG] SystemI::createSoundInternal             :     filename = D:\Git\SkillClicker\FMOD\SkillClicker\Build\Desktop/Master Bank.bank : mode 0a010202
[LOG] SystemI::createSoundInternal             :     exinfo->cbsize             = 216
[LOG] SystemI::createSoundInternal             :     exinfo->length             = 35584
[LOG] SystemI::createSoundInternal             :     exinfo->fileoffset         = 13632
[LOG] SystemI::createSoundInternal             :     exinfo->numsubsounds       = 1
[LOG] SystemI::createSoundInternal             :     exinfo->inclusionlist      = 0000000028E507E8
[LOG] SystemI::createSoundInternal             :     exinfo->inclusionlistnum   = 1
[LOG] SystemI::createSoundInternal             :     exinfo->suggestedsoundtype = 5
[LOG] SystemI::createSoundInternal             :     exinfo->initialseekpostype = 1
[LOG] SystemI::createSoundInternal             :     Format has 1 subsounds.
[LOG] SystemI::createSoundInternal             :     Create as FMOD_CREATESAMPLE
[LOG] SystemI::createSoundInternal             :     Multi-sample sound (1 subsounds), create a sample container.
[LOG] SystemI::createSoundInternal             :     creating subsound 0/1
[LOG] SystemI::createSample                    :     mode 0a010202 length 10031 samples, lengthbytes 2816
[LOG] SystemI::createSample                    :     channels = 2
[LOG] SystemI::createSample                    :     output = 0000000028DBA188
[LOG] OutputSoftware::createSample             :     lengthpcm 10031, lengthbytes 2816, channels 2, format 2, freq 48000, mode 0a01020a
[LOG] SystemI::createSoundInternal             :     done.  OpenState now = FMOD_OPENSTATE_READY.

[LOG] AsyncThread::threadFunc                  : Finished Asynchronous operation on sound 0000000028D43FA8
[LOG] AsyncThread::threadFunc                  : Starting Asynchronous operation on sound 0000000028D44138
[LOG] SystemI::createSoundInternal             :     filename = D:\Git\SkillClicker\FMOD\SkillClicker\Build\Desktop/Master Bank.bank : mode 0a010202
[LOG] SystemI::createSoundInternal             :     exinfo->cbsize             = 216
[LOG] SystemI::createSoundInternal             :     exinfo->length             = 35584
[LOG] SystemI::createSoundInternal             :     exinfo->fileoffset         = 13632
[LOG] SystemI::createSoundInternal             :     exinfo->numsubsounds       = 1
[LOG] SystemI::createSoundInternal             :     exinfo->inclusionlist      = 0000000028E50928
[LOG] SystemI::createSoundInternal             :     exinfo->inclusionlistnum   = 1
[LOG] SystemI::createSoundInternal             :     exinfo->suggestedsoundtype = 5
[LOG] SystemI::createSoundInternal             :     exinfo->initialseekpostype = 1
[LOG] SystemI::createSoundInternal             :     Format has 1 subsounds.
[LOG] SystemI::createSoundInternal             :     Create as FMOD_CREATESAMPLE
[LOG] SystemI::createSoundInternal             :     Multi-sample sound (1 subsounds), create a sample container.
[LOG] SystemI::createSoundInternal             :     creating subsound 0/1
[LOG] SystemI::createSample                    :     mode 0a010202 length 13792 samples, lengthbytes 3488
[LOG] SystemI::createSample                    :     channels = 2
[LOG] SystemI::createSample                    :     output = 0000000028DBA188
[LOG] OutputSoftware::createSample             :     lengthpcm 13792, lengthbytes 3488, channels 2, format 2, freq 48000, mode 0a01020a
[LOG] SystemI::createSoundInternal             :     done.  OpenState now = FMOD_OPENSTATE_READY.

[LOG] AsyncThread::threadFunc                  : Finished Asynchronous operation on sound 0000000028D44138
[LOG] AsyncThread::threadFunc                  : Starting Asynchronous operation on sound 0000000028D442C8
[LOG] SystemI::createSoundInternal             :     filename = D:\Git\SkillClicker\FMOD\SkillClicker\Build\Desktop/Master Bank.bank : mode 0a010202
[LOG] SystemI::createSoundInternal             :     exinfo->cbsize             = 216
[LOG] SystemI::createSoundInternal             :     exinfo->length             = 35584
[LOG] SystemI::createSoundInternal             :     exinfo->fileoffset         = 13632
[LOG] SystemI::createSoundInternal             :     exinfo->numsubsounds       = 1
[LOG] SystemI::createSoundInternal             :     exinfo->inclusionlist      = 0000000028E50A68
[LOG] SystemI::createSoundInternal             :     exinfo->inclusionlistnum   = 1
[LOG] SystemI::createSoundInternal             :     exinfo->suggestedsoundtype = 5
[LOG] SystemI::createSoundInternal             :     exinfo->initialseekpostype = 1
[LOG] SystemI::createSoundInternal             :     Format has 1 subsounds.
[LOG] SystemI::createSoundInternal             :     Create as FMOD_CREATESAMPLE
[LOG] SystemI::createSoundInternal             :     Multi-sample sound (1 subsounds), create a sample container.
[LOG] SystemI::createSoundInternal             :     creating subsound 0/1
[LOG] SystemI::createSample                    :     mode 0a010202 length 12538 samples, lengthbytes 3392
[LOG] SystemI::createSample                    :     channels = 2
[LOG] SystemI::createSample                    :     output = 0000000028DBA188
[LOG] OutputSoftware::createSample             :     lengthpcm 12538, lengthbytes 3392, channels 2, format 2, freq 48000, mode 0a01020a
[LOG] SystemI::createSoundInternal             :     done.  OpenState now = FMOD_OPENSTATE_READY.

[LOG] AsyncThread::threadFunc                  : Finished Asynchronous operation on sound 0000000028D442C8
[WRN] SoundSourceInstrumentInstance::startChannelIfReady : Loading delay exceeded, sound may play at incorrect time
[LOG] SoundI::release                          : (null) (0000000028DBA4A8)
[LOG] SoundI::release                          : release subsounds. (0000000028DBA4A8)
[LOG] SoundI::release                          :     (null) (0000000028D44458)
[LOG] SoundI::release                          : release codec. (0000000028DBA4A8)
[LOG] SoundI::release                          : (null) (0000000028DBA318)
[LOG] SoundI::release                          : release subsounds. (0000000028DBA318)
[LOG] SoundI::release                          :     (null) (0000000028D445E8)
[LOG] SoundI::release                          : release codec. (0000000028DBA318)
[LOG] SoundI::release                          : (null) (0000000028D43FA8)
[LOG] SoundI::release                          : release subsounds. (0000000028D43FA8)
[LOG] SoundI::release                          :     (null) (0000000028D44778)
[LOG] SoundI::release                          : release codec. (0000000028D43FA8)
[LOG] SoundI::release                          : (null) (0000000028D44138)
[LOG] SoundI::release                          : release subsounds. (0000000028D44138)
[LOG] SoundI::release                          :     (null) (0000000028D44908)
[LOG] SoundI::release                          : release codec. (0000000028D44138)
[LOG] SoundI::release                          : (null) (0000000028D442C8)
[LOG] SoundI::release                          : release subsounds. (0000000028D442C8)
[LOG] SoundI::release                          :     (null) (0000000028D44A98)
[LOG] SoundI::release                          : release codec. (0000000028D442C8)
[LOG] SystemI::createSound                     : filename = D:\Git\SkillClicker\FMOD\SkillClicker\Build\Desktop/Master Bank.bank : mode 0a010202
[LOG] SystemI::createSound                     : FMOD_NONBLOCKING specified.  Putting into queue to be opened asynchronously!
[LOG] OutputSoftware::createSample             : lengthpcm 0, lengthbytes 0, channels 0, format 0, freq 0, mode 00000000
[LOG] SystemI::createSound                     : setdata soundi = 0000000028DBA318 : node = 0000000028E50960
[LOG] SystemI::createSound                     : add node to async list : head = 000000002AAEC290.  list count = 0
[LOG] AsyncThread::threadFunc                  : Starting Asynchronous operation on sound 0000000028DBA318
[LOG] SystemI::createSoundInternal             :     filename = D:\Git\SkillClicker\FMOD\SkillClicker\Build\Desktop/Master Bank.bank : mode 0a010202
[LOG] SystemI::createSoundInternal             :     exinfo->cbsize             = 216
[LOG] SystemI::createSoundInternal             :     exinfo->length             = 35584
[LOG] SystemI::createSoundInternal             :     exinfo->fileoffset         = 13632
[LOG] SystemI::createSoundInternal             :     exinfo->numsubsounds       = 1
[LOG] SystemI::createSoundInternal             :     exinfo->inclusionlist      = 0000000028E50A68
[LOG] SystemI::createSoundInternal             :     exinfo->inclusionlistnum   = 1
[LOG] SystemI::createSoundInternal             :     exinfo->suggestedsoundtype = 5
[LOG] SystemI::createSoundInternal             :     exinfo->initialseekpostype = 1
[LOG] SystemI::createSound                     :     filename = D:\Git\SkillClicker\FMOD\SkillClicker\Build\Desktop/Master Bank.bank : mode 0a010202
[LOG] SystemI::createSound                     :     FMOD_NONBLOCKING specified.  Putting into queue to be opened asynchronously!
[LOG] OutputSoftware::createSample             :     lengthpcm 0, lengthbytes 0, channels 0, format 0, freq 0, mode 00000000
[LOG] SystemI::createSound                     :     setdata soundi = 0000000028DBA4A8 : node = 0000000028E50820
[LOG] SystemI::createSound                     :     add node to async list : head = 000000002AAEC290.  list count = 0
[LOG] SystemI::createSound                     :     filename = D:\Git\SkillClicker\FMOD\SkillClicker\Build\Desktop/Master Bank.bank : mode 0a010202
[LOG] SystemI::createSound                     :     FMOD_NONBLOCKING specified.  Putting into queue to be opened asynchronously!
[LOG] OutputSoftware::createSample             :     lengthpcm 0, lengthbytes 0, channels 0, format 0, freq 0, mode 00000000
[LOG] SystemI::createSound                     :     setdata soundi = 0000000028D43FA8 : node = 0000000028E506E0
[LOG] SystemI::createSound                     :     add node to async list : head = 000000002AAEC290.  list count = 1
[LOG] SystemI::createSound                     :     filename = D:\Git\SkillClicker\FMOD\SkillClicker\Build\Desktop/Master Bank.bank : mode 0a010202
[LOG] SystemI::createSound                     :     FMOD_NONBLOCKING specified.  Putting into queue to be opened asynchronously!
[LOG] OutputSoftware::createSample             :     lengthpcm 0, lengthbytes 0, channels 0, format 0, freq 0, mode 00000000
[LOG] SystemI::createSound                     :     setdata soundi = 0000000028D44138 : node = 0000000028E505A0
[LOG] SystemI::createSound                     :     add node to async list : head = 000000002AAEC290.  list count = 2
[LOG] SystemI::createSound                     :     filename = D:\Git\SkillClicker\FMOD\SkillClicker\Build\Desktop/Master Bank.bank : mode 0a010202
[LOG] SystemI::createSound                     :     FMOD_NONBLOCKING specified.  Putting into queue to be opened asynchronously!
[LOG] OutputSoftware::createSample             :     lengthpcm 0, lengthbytes 0, channels 0, format 0, freq 0, mode 00000000
[LOG] SystemI::createSound                     :     setdata soundi = 0000000028D442C8 : node = 0000000028E50460
[LOG] SystemI::createSound                     :     add node to async list : head = 000000002AAEC290.  list count = 3
[LOG] SystemI::createSoundInternal             :     Format has 1 subsounds.
[LOG] SystemI::createSoundInternal             :     Create as FMOD_CREATESAMPLE
[LOG] SystemI::createSoundInternal             :     Multi-sample sound (1 subsounds), create a sample container.
[LOG] SystemI::createSoundInternal             :     creating subsound 0/1
[LOG] SystemI::createSample                    :     mode 0a010202 length 11284 samples, lengthbytes 3328
[LOG] SystemI::createSample                    :     channels = 2
[LOG] SystemI::createSample                    :     output = 0000000028DBA188
[LOG] OutputSoftware::createSample             :     lengthpcm 11284, lengthbytes 3328, channels 2, format 2, freq 48000, mode 0a01020a
[LOG] SystemI::createSoundInternal             :     done.  OpenState now = FMOD_OPENSTATE_READY.

[LOG] AsyncThread::threadFunc                  : Finished Asynchronous operation on sound 0000000028DBA318
[LOG] AsyncThread::threadFunc                  : Starting Asynchronous operation on sound 0000000028DBA4A8
[LOG] SystemI::createSoundInternal             :     filename = D:\Git\SkillClicker\FMOD\SkillClicker\Build\Desktop/Master Bank.bank : mode 0a010202
[LOG] SystemI::createSoundInternal             :     exinfo->cbsize             = 216
[LOG] SystemI::createSoundInternal             :     exinfo->length             = 35584
[LOG] SystemI::createSoundInternal             :     exinfo->fileoffset         = 13632
[LOG] SystemI::createSoundInternal             :     exinfo->numsubsounds       = 1
[LOG] SystemI::createSoundInternal             :     exinfo->inclusionlist      = 0000000028E50928
[LOG] SystemI::createSoundInternal             :     exinfo->inclusionlistnum   = 1
[LOG] SystemI::createSoundInternal             :     exinfo->suggestedsoundtype = 5
[LOG] SystemI::createSoundInternal             :     exinfo->initialseekpostype = 1
[LOG] SystemI::createSoundInternal             :     Format has 1 subsounds.
[LOG] SystemI::createSoundInternal             :     Create as FMOD_CREATESAMPLE
[LOG] SystemI::createSoundInternal             :     Multi-sample sound (1 subsounds), create a sample container.
[LOG] SystemI::createSoundInternal             :     creating subsound 0/1
[LOG] SystemI::createSample                    :     mode 0a010202 length 12538 samples, lengthbytes 3424
[LOG] SystemI::createSample                    :     channels = 2
[LOG] SystemI::createSample                    :     output = 0000000028DBA188
[LOG] OutputSoftware::createSample             :     lengthpcm 12538, lengthbytes 3424, channels 2, format 2, freq 48000, mode 0a01020a
[LOG] SystemI::createSoundInternal             :     done.  OpenState now = FMOD_OPENSTATE_READY.

[LOG] AsyncThread::threadFunc                  : Finished Asynchronous operation on sound 0000000028DBA4A8
[LOG] AsyncThread::threadFunc                  : Starting Asynchronous operation on sound 0000000028D43FA8
[LOG] SystemI::createSoundInternal             :     filename = D:\Git\SkillClicker\FMOD\SkillClicker\Build\Desktop/Master Bank.bank : mode 0a010202
[LOG] SystemI::createSoundInternal             :     exinfo->cbsize             = 216
[LOG] SystemI::createSoundInternal             :     exinfo->length             = 35584
[LOG] SystemI::createSoundInternal             :     exinfo->fileoffset         = 13632
[LOG] SystemI::createSoundInternal             :     exinfo->numsubsounds       = 1
[LOG] SystemI::createSoundInternal             :     exinfo->inclusionlist      = 0000000028E507E8
[LOG] SystemI::createSoundInternal             :     exinfo->inclusionlistnum   = 1
[LOG] SystemI::createSoundInternal             :     exinfo->suggestedsoundtype = 5
[LOG] SystemI::createSoundInternal             :     exinfo->initialseekpostype = 1
[LOG] SystemI::createSoundInternal             :     Format has 1 subsounds.
[LOG] SystemI::createSoundInternal             :     Create as FMOD_CREATESAMPLE
[LOG] SystemI::createSoundInternal             :     Multi-sample sound (1 subsounds), create a sample container.
[LOG] SystemI::createSoundInternal             :     creating subsound 0/1
[LOG] SystemI::createSample                    :     mode 0a010202 length 10031 samples, lengthbytes 2816
[LOG] SystemI::createSample                    :     channels = 2
[LOG] SystemI::createSample                    :     output = 0000000028DBA188
[LOG] OutputSoftware::createSample             :     lengthpcm 10031, lengthbytes 2816, channels 2, format 2, freq 48000, mode 0a01020a
[LOG] SystemI::createSoundInternal             :     done.  OpenState now = FMOD_OPENSTATE_READY.

[LOG] AsyncThread::threadFunc                  : Finished Asynchronous operation on sound 0000000028D43FA8
[LOG] AsyncThread::threadFunc                  : Starting Asynchronous operation on sound 0000000028D44138
[LOG] SystemI::createSoundInternal             :     filename = D:\Git\SkillClicker\FMOD\SkillClicker\Build\Desktop/Master Bank.bank : mode 0a010202
[LOG] SystemI::createSoundInternal             :     exinfo->cbsize             = 216
[LOG] SystemI::createSoundInternal             :     exinfo->length             = 35584
[LOG] SystemI::createSoundInternal             :     exinfo->fileoffset         = 13632
[LOG] SystemI::createSoundInternal             :     exinfo->numsubsounds       = 1
[LOG] SystemI::createSoundInternal             :     exinfo->inclusionlist      = 0000000028E506A8
[LOG] SystemI::createSoundInternal             :     exinfo->inclusionlistnum   = 1
[LOG] SystemI::createSoundInternal             :     exinfo->suggestedsoundtype = 5
[LOG] SystemI::createSoundInternal             :     exinfo->initialseekpostype = 1
[LOG] SystemI::createSoundInternal             :     Format has 1 subsounds.
[LOG] SystemI::createSoundInternal             :     Create as FMOD_CREATESAMPLE
[LOG] SystemI::createSoundInternal             :     Multi-sample sound (1 subsounds), create a sample container.
[LOG] SystemI::createSoundInternal             :     creating subsound 0/1
[LOG] SystemI::createSample                    :     mode 0a010202 length 13792 samples, lengthbytes 3488
[LOG] SystemI::createSample                    :     channels = 2
[LOG] SystemI::createSample                    :     output = 0000000028DBA188
[LOG] OutputSoftware::createSample             :     lengthpcm 13792, lengthbytes 3488, channels 2, format 2, freq 48000, mode 0a01020a
[LOG] SystemI::createSoundInternal             :     done.  OpenState now = FMOD_OPENSTATE_READY.

[LOG] AsyncThread::threadFunc                  : Finished Asynchronous operation on sound 0000000028D44138
[LOG] AsyncThread::threadFunc                  : Starting Asynchronous operation on sound 0000000028D442C8
[LOG] SystemI::createSoundInternal             :     filename = D:\Git\SkillClicker\FMOD\SkillClicker\Build\Desktop/Master Bank.bank : mode 0a010202
[LOG] SystemI::createSoundInternal             :     exinfo->cbsize             = 216
[LOG] SystemI::createSoundInternal             :     exinfo->length             = 35584
[LOG] SystemI::createSoundInternal             :     exinfo->fileoffset         = 13632
[LOG] SystemI::createSoundInternal             :     exinfo->numsubsounds       = 1
[LOG] SystemI::createSoundInternal             :     exinfo->inclusionlist      = 0000000028E50568
[LOG] SystemI::createSoundInternal             :     exinfo->inclusionlistnum   = 1
[LOG] SystemI::createSoundInternal             :     exinfo->suggestedsoundtype = 5
[LOG] SystemI::createSoundInternal             :     exinfo->initialseekpostype = 1
[LOG] SystemI::createSoundInternal             :     Format has 1 subsounds.
[LOG] SystemI::createSoundInternal             :     Create as FMOD_CREATESAMPLE
[LOG] SystemI::createSoundInternal             :     Multi-sample sound (1 subsounds), create a sample container.
[LOG] SystemI::createSoundInternal             :     creating subsound 0/1
[LOG] SystemI::createSample                    :     mode 0a010202 length 12538 samples, lengthbytes 3392
[LOG] SystemI::createSample                    :     channels = 2
[LOG] SystemI::createSample                    :     output = 0000000028DBA188
[LOG] OutputSoftware::createSample             :     lengthpcm 12538, lengthbytes 3392, channels 2, format 2, freq 48000, mode 0a01020a
[LOG] SystemI::createSoundInternal             :     done.  OpenState now = FMOD_OPENSTATE_READY.

[LOG] AsyncThread::threadFunc                  : Finished Asynchronous operation on sound 0000000028D442C8
[WRN] SoundSourceInstrumentInstance::startChannelIfReady : Loading delay exceeded, sound may play at incorrect time
[LOG] SoundI::release                          : (null) (0000000028DBA318)
[LOG] SoundI::release                          : release subsounds. (0000000028DBA318)
[LOG] SoundI::release                          :     (null) (0000000028D44458)
[LOG] SoundI::release                          : release codec. (0000000028DBA318)
[LOG] SoundI::release                          : (null) (0000000028DBA4A8)
[LOG] SoundI::release                          : release subsounds. (0000000028DBA4A8)
[LOG] SoundI::release                          :     (null) (0000000028D445E8)
[LOG] SoundI::release                          : release codec. (0000000028DBA4A8)
[LOG] SoundI::release                          : (null) (0000000028D43FA8)
[LOG] SoundI::release                          : release subsounds. (0000000028D43FA8)
[LOG] SoundI::release                          :     (null) (0000000028D44778)
[LOG] SoundI::release                          : release codec. (0000000028D43FA8)
[LOG] SoundI::release                          : (null) (0000000028D44138)
[LOG] SoundI::release                          : release subsounds. (0000000028D44138)
[LOG] SoundI::release                          :     (null) (0000000028D44908)
[LOG] SoundI::release                          : release codec. (0000000028D44138)
[LOG] SoundI::release                          : (null) (0000000028D442C8)
[LOG] SoundI::release                          : release subsounds. (0000000028D442C8)
[LOG] SoundI::release                          :     (null) (0000000028D44A98)
[LOG] SoundI::release                          : release codec. (0000000028D442C8)
[LOG] SystemI::mixerSuspend                    : Suspending output.
[LOG] SystemI::mixerResume                     : Resuming output.
[LOG] SystemI::createSound                     : filename = D:\Git\SkillClicker\FMOD\SkillClicker\Build\Desktop/Master Bank.bank : mode 0a010202
[LOG] SystemI::createSound                     : FMOD_NONBLOCKING specified.  Putting into queue to be opened asynchronously!
[LOG] OutputSoftware::createSample             : lengthpcm 0, lengthbytes 0, channels 0, format 0, freq 0, mode 00000000
[LOG] SystemI::createSound                     : setdata soundi = 0000000028DBA4A8 : node = 0000000028E50460
[LOG] SystemI::createSound                     : add node to async list : head = 000000002AAEC290.  list count = 0
[LOG] SystemI::createSound                     : filename = D:\Git\SkillClicker\FMOD\SkillClicker\Build\Desktop/Master Bank.bank : mode 0a010202
[LOG] SystemI::createSoundInternal             :     filename = D:\Git\SkillClicker\FMOD\SkillClicker\Build\Desktop/Master Bank.bank : mode 0a010202
[LOG] SystemI::createSound                     :     FMOD_NONBLOCKING specified.  Putting into queue to be opened asynchronously!
[LOG] SystemI::createSoundInternal             :     exinfo->cbsize             = 216
[LOG] SystemI::createSoundInternal             :     exinfo->length             = 35584
[LOG] SystemI::createSoundInternal             :     exinfo->fileoffset         = 13632
[LOG] OutputSoftware::createSample             :     lengthpcm 0, lengthbytes 0, channels 0, format 0, freq 0, mode 00000000
[LOG] SystemI::createSoundInternal             :     exinfo->numsubsounds       = 1
[LOG] SystemI::createSound                     :     setdata soundi = 0000000028DBA318 : node = 0000000028E505A0
[LOG] SystemI::createSoundInternal             :     exinfo->inclusionlist      = 0000000028E50568
[LOG] SystemI::createSound                     :     add node to async list : head = 000000002AAEC290.  list count = 0
[LOG] SystemI::createSoundInternal             :     exinfo->inclusionlistnum   = 1
[LOG] SystemI::createSound                     :     filename = D:\Git\SkillClicker\FMOD\SkillClicker\Build\Desktop/Master Bank.bank : mode 0a010202
[LOG] SystemI::createSoundInternal             :     exinfo->suggestedsoundtype = 5
[LOG] SystemI::createSound                     :     FMOD_NONBLOCKING specified.  Putting into queue to be opened asynchronously!
[LOG] SystemI::createSoundInternal             :     exinfo->initialseekpostype = 1
[LOG] OutputSoftware::createSample             :     lengthpcm 0, lengthbytes 0, channels 0, format 0, freq 0, mode 00000000
[LOG] SystemI::createSound                     :     setdata soundi = 0000000028D0A118 : node = 0000000028E506E0
[LOG] SystemI::createSound                     :     add node to async list : head = 000000002AAEC290.  list count = 1
[LOG] SystemI::createSound                     :     filename = D:\Git\SkillClicker\FMOD\SkillClicker\Build\Desktop/Master Bank.bank : mode 0a010202
[LOG] SystemI::createSound                     :     FMOD_NONBLOCKING specified.  Putting into queue to be opened asynchronously!
[LOG] OutputSoftware::createSample             :     lengthpcm 0, lengthbytes 0, channels 0, format 0, freq 0, mode 00000000
[LOG] SystemI::createSound                     :     setdata soundi = 0000000028D0A2A8 : node = 0000000028E50820
[LOG] SystemI::createSound                     :     add node to async list : head = 000000002AAEC290.  list count = 2
[LOG] SystemI::createSound                     :     filename = D:\Git\SkillClicker\FMOD\SkillClicker\Build\Desktop/Master Bank.bank : mode 0a010202
[LOG] SystemI::createSound                     :     FMOD_NONBLOCKING specified.  Putting into queue to be opened asynchronously!
[LOG] OutputSoftware::createSample             :     lengthpcm 0, lengthbytes 0, channels 0, format 0, freq 0, mode 00000000
[LOG] SystemI::createSound                     :     setdata soundi = 0000000028D0A438 : node = 0000000028E50960
[LOG] SystemI::createSound                     :     add node to async list : head = 000000002AAEC290.  list count = 3
[LOG] SystemI::createSoundInternal             :     Format has 1 subsounds.
[LOG] SystemI::createSoundInternal             :     Create as FMOD_CREATESAMPLE
[LOG] SystemI::createSoundInternal             :     Multi-sample sound (1 subsounds), create a sample container.
[LOG] SystemI::createSoundInternal             :     creating subsound 0/1
[LOG] SystemI::createSample                    :     mode 0a010202 length 11284 samples, lengthbytes 3328
[LOG] SystemI::createSample                    :     channels = 2
[LOG] SystemI::createSample                    :     output = 0000000028DBA188
[LOG] OutputSoftware::createSample             :     lengthpcm 11284, lengthbytes 3328, channels 2, format 2, freq 48000, mode 0a01020a
[LOG] SystemI::createSoundInternal             :     done.  OpenState now = FMOD_OPENSTATE_READY.

[LOG] AsyncThread::threadFunc                  : Finished Asynchronous operation on sound 0000000028DBA4A8
[LOG] AsyncThread::threadFunc                  : Starting Asynchronous operation on sound 0000000028DBA318
[LOG] SystemI::createSoundInternal             :     filename = D:\Git\SkillClicker\FMOD\SkillClicker\Build\Desktop/Master Bank.bank : mode 0a010202
[LOG] SystemI::createSoundInternal             :     exinfo->cbsize             = 216
[LOG] SystemI::createSoundInternal             :     exinfo->length             = 35584
[LOG] SystemI::createSoundInternal             :     exinfo->fileoffset         = 13632
[LOG] SystemI::createSoundInternal             :     exinfo->numsubsounds       = 1
[LOG] SystemI::createSoundInternal             :     exinfo->inclusionlist      = 0000000028E506A8
[LOG] SystemI::createSoundInternal             :     exinfo->inclusionlistnum   = 1
[LOG] SystemI::createSoundInternal             :     exinfo->suggestedsoundtype = 5
[LOG] SystemI::createSoundInternal             :     exinfo->initialseekpostype = 1
[LOG] SystemI::createSoundInternal             :     Format has 1 subsounds.
[LOG] SystemI::createSoundInternal             :     Create as FMOD_CREATESAMPLE
[LOG] SystemI::createSoundInternal             :     Multi-sample sound (1 subsounds), create a sample container.
[LOG] SystemI::createSoundInternal             :     creating subsound 0/1
[LOG] SystemI::createSample                    :     mode 0a010202 length 12538 samples, lengthbytes 3424
[LOG] SystemI::createSample                    :     channels = 2
[LOG] SystemI::createSample                    :     output = 0000000028DBA188
[LOG] OutputSoftware::createSample             :     lengthpcm 12538, lengthbytes 3424, channels 2, format 2, freq 48000, mode 0a01020a
[LOG] SystemI::createSoundInternal             :     done.  OpenState now = FMOD_OPENSTATE_READY.

[LOG] AsyncThread::threadFunc                  : Finished Asynchronous operation on sound 0000000028DBA318
[LOG] AsyncThread::threadFunc                  : Starting Asynchronous operation on sound 0000000028D0A118
[LOG] SystemI::createSoundInternal             :     filename = D:\Git\SkillClicker\FMOD\SkillClicker\Build\Desktop/Master Bank.bank : mode 0a010202
[LOG] SystemI::createSoundInternal             :     exinfo->cbsize             = 216
[LOG] SystemI::createSoundInternal             :     exinfo->length             = 35584
[LOG] SystemI::createSoundInternal             :     exinfo->fileoffset         = 13632
[LOG] SystemI::createSoundInternal             :     exinfo->numsubsounds       = 1
[LOG] SystemI::createSoundInternal             :     exinfo->inclusionlist      = 0000000028E507E8
[LOG] SystemI::createSoundInternal             :     exinfo->inclusionlistnum   = 1
[LOG] SystemI::createSoundInternal             :     exinfo->suggestedsoundtype = 5
[LOG] SystemI::createSoundInternal             :     exinfo->initialseekpostype = 1
[LOG] SystemI::createSoundInternal             :     Format has 1 subsounds.
[LOG] SystemI::createSoundInternal             :     Create as FMOD_CREATESAMPLE
[LOG] SystemI::createSoundInternal             :     Multi-sample sound (1 subsounds), create a sample container.
[LOG] SystemI::createSoundInternal             :     creating subsound 0/1
[LOG] SystemI::createSample                    :     mode 0a010202 length 10031 samples, lengthbytes 2816
[LOG] SystemI::createSample                    :     channels = 2
[LOG] SystemI::createSample                    :     output = 0000000028DBA188
[LOG] OutputSoftware::createSample             :     lengthpcm 10031, lengthbytes 2816, channels 2, format 2, freq 48000, mode 0a01020a
[LOG] SystemI::createSoundInternal             :     done.  OpenState now = FMOD_OPENSTATE_READY.

[LOG] AsyncThread::threadFunc                  : Finished Asynchronous operation on sound 0000000028D0A118
[LOG] AsyncThread::threadFunc                  : Starting Asynchronous operation on sound 0000000028D0A2A8
[LOG] SystemI::createSoundInternal             :     filename = D:\Git\SkillClicker\FMOD\SkillClicker\Build\Desktop/Master Bank.bank : mode 0a010202
[LOG] SystemI::createSoundInternal             :     exinfo->cbsize             = 216
[LOG] SystemI::createSoundInternal             :     exinfo->length             = 35584
[LOG] SystemI::createSoundInternal             :     exinfo->fileoffset         = 13632
[LOG] SystemI::createSoundInternal             :     exinfo->numsubsounds       = 1
[LOG] SystemI::createSoundInternal             :     exinfo->inclusionlist      = 0000000028E50928
[LOG] SystemI::createSoundInternal             :     exinfo->inclusionlistnum   = 1
[LOG] SystemI::createSoundInternal             :     exinfo->suggestedsoundtype = 5
[LOG] SystemI::createSoundInternal             :     exinfo->initialseekpostype = 1
[LOG] SystemI::createSoundInternal             :     Format has 1 subsounds.
[LOG] SystemI::createSoundInternal             :     Create as FMOD_CREATESAMPLE
[LOG] SystemI::createSoundInternal             :     Multi-sample sound (1 subsounds), create a sample container.
[LOG] SystemI::createSoundInternal             :     creating subsound 0/1
[LOG] SystemI::createSample                    :     mode 0a010202 length 13792 samples, lengthbytes 3488
[LOG] SystemI::createSample                    :     channels = 2
[LOG] SystemI::createSample                    :     output = 0000000028DBA188
[LOG] OutputSoftware::createSample             :     lengthpcm 13792, lengthbytes 3488, channels 2, format 2, freq 48000, mode 0a01020a
[LOG] SystemI::createSoundInternal             :     done.  OpenState now = FMOD_OPENSTATE_READY.

[LOG] AsyncThread::threadFunc                  : Finished Asynchronous operation on sound 0000000028D0A2A8
[LOG] AsyncThread::threadFunc                  : Starting Asynchronous operation on sound 0000000028D0A438
[LOG] SystemI::createSoundInternal             :     filename = D:\Git\SkillClicker\FMOD\SkillClicker\Build\Desktop/Master Bank.bank : mode 0a010202
[LOG] SystemI::createSoundInternal             :     exinfo->cbsize             = 216
[LOG] SystemI::createSoundInternal             :     exinfo->length             = 35584
[LOG] SystemI::createSoundInternal             :     exinfo->fileoffset         = 13632
[LOG] SystemI::createSoundInternal             :     exinfo->numsubsounds       = 1
[LOG] SystemI::createSoundInternal             :     exinfo->inclusionlist      = 0000000028E50A68
[LOG] SystemI::createSoundInternal             :     exinfo->inclusionlistnum   = 1
[LOG] SystemI::createSoundInternal             :     exinfo->suggestedsoundtype = 5
[LOG] SystemI::createSoundInternal             :     exinfo->initialseekpostype = 1
[LOG] SystemI::createSoundInternal             :     Format has 1 subsounds.
[LOG] SystemI::createSoundInternal             :     Create as FMOD_CREATESAMPLE
[LOG] SystemI::createSoundInternal             :     Multi-sample sound (1 subsounds), create a sample container.
[LOG] SystemI::createSoundInternal             :     creating subsound 0/1
[LOG] SystemI::createSample                    :     mode 0a010202 length 12538 samples, lengthbytes 3392
[LOG] SystemI::createSample                    :     channels = 2
[LOG] SystemI::createSample                    :     output = 0000000028DBA188
[LOG] OutputSoftware::createSample             :     lengthpcm 12538, lengthbytes 3392, channels 2, format 2, freq 48000, mode 0a01020a
[LOG] SystemI::createSoundInternal             :     done.  OpenState now = FMOD_OPENSTATE_READY.

[LOG] AsyncThread::threadFunc                  : Finished Asynchronous operation on sound 0000000028D0A438
[WRN] SoundSourceInstrumentInstance::startChannelIfReady : Loading delay exceeded, sound may play at incorrect time
[LOG] SoundI::release                          : (null) (0000000028DBA4A8)
[LOG] SoundI::release                          : release subsounds. (0000000028DBA4A8)
[LOG] SoundI::release                          :     (null) (0000000028D0A5C8)
[LOG] SoundI::release                          : release codec. (0000000028DBA4A8)
[LOG] SoundI::release                          : (null) (0000000028DBA318)
[LOG] SoundI::release                          : release subsounds. (0000000028DBA318)
[LOG] SoundI::release                          :     (null) (0000000028D0A758)
[LOG] SoundI::release                          : release codec. (0000000028DBA318)
[LOG] SoundI::release                          : (null) (0000000028D0A118)
[LOG] SoundI::release                          : release subsounds. (0000000028D0A118)
[LOG] SoundI::release                          :     (null) (0000000028D0A8E8)
[LOG] SoundI::release                          : release codec. (0000000028D0A118)
[LOG] SoundI::release                          : (null) (0000000028D0A2A8)
[LOG] SoundI::release                          : release subsounds. (0000000028D0A2A8)
[LOG] SoundI::release                          :     (null) (0000000028D0AA78)
[LOG] SoundI::release                          : release codec. (0000000028D0A2A8)
[LOG] SoundI::release                          : (null) (0000000028D0A438)
[LOG] SoundI::release                          : release subsounds. (0000000028D0A438)
[LOG] SoundI::release                          :     (null) (0000000028D0AC08)
[LOG] SoundI::release                          : release codec. (0000000028D0A438)
[LOG] SystemI::createSound                     : filename = D:\Git\SkillClicker\FMOD\SkillClicker\Build\Desktop/Master Bank.bank : mode 0a010202
[LOG] SystemI::createSound                     : FMOD_NONBLOCKING specified.  Putting into queue to be opened asynchronously!
[LOG] OutputSoftware::createSample             : lengthpcm 0, lengthbytes 0, channels 0, format 0, freq 0, mode 00000000
[LOG] SystemI::createSound                     : setdata soundi = 0000000028DBA318 : node = 0000000028E50960
[LOG] SystemI::createSound                     : add node to async list : head = 000000002AAEC290.  list count = 0
[LOG] AsyncThread::threadFunc                  : Starting Asynchronous operation on sound 0000000028DBA318
[LOG] SystemI::createSound                     : filename = D:\Git\SkillClicker\FMOD\SkillClicker\Build\Desktop/Master Bank.bank : mode 0a010202
[LOG] SystemI::createSoundInternal             :     filename = D:\Git\SkillClicker\FMOD\SkillClicker\Build\Desktop/Master Bank.bank : mode 0a010202
[LOG] SystemI::createSound                     :     FMOD_NONBLOCKING specified.  Putting into queue to be opened asynchronously!
[LOG] SystemI::createSoundInternal             :     exinfo->cbsize             = 216
[LOG] OutputSoftware::createSample             :     lengthpcm 0, lengthbytes 0, channels 0, format 0, freq 0, mode 00000000
[LOG] SystemI::createSoundInternal             :     exinfo->length             = 35584
[LOG] SystemI::createSound                     :     setdata soundi = 0000000028DBA4A8 : node = 0000000028E50820
[LOG] SystemI::createSoundInternal             :     exinfo->fileoffset         = 13632
[LOG] SystemI::createSoundInternal             :     exinfo->numsubsounds       = 1
[LOG] SystemI::createSound                     :     add node to async list : head = 000000002AAEC290.  list count = 0
[LOG] SystemI::createSoundInternal             :     exinfo->inclusionlist      = 0000000028E50A68
[LOG] SystemI::createSoundInternal             :     exinfo->inclusionlistnum   = 1
MOD\SkillClicker\Build\Desktop/Master Bank.bank : mode 0a010202
[LOG] SystemI::createSound                     :     FMOD_NONBLOCKING specified.  Putting into queue to be opened asynchronously!
[LOG] SystemI::createSoundInternal             :     exinfo->suggestedsoundtype = 5
[LOG] OutputSoftware::createSample             :     lengthpcm 0, lengthbytes 0, channels 0, format 0, freq 0, mode 00000000
[LOG] SystemI::createSoundInternal             :     exinfo->initialseekpostype = 1
[LOG] SystemI::createSound                     :     setdata soundi = 0000000028D43FA8 : node = 0000000028E506E0
[LOG] SystemI::createSound                     :     add node to async list : head = 000000002AAEC290.  list count = 1
[LOG] SystemI::createSound                     :     filename = D:\Git\SkillClicker\FMOD\SkillClicker\Build\Desktop/Master Bank.bank : mode 0a010202
[LOG] SystemI::createSound                     :     FMOD_NONBLOCKING specified.  Putting into queue to be opened asynchronously!
[LOG] OutputSoftware::createSample             :     lengthpcm 0, lengthbytes 0, channels 0, format 0, freq 0, mode 00000000
[LOG] SystemI::createSound                     :     setdata soundi = 0000000028D44138 : node = 0000000028E505A0
[LOG] SystemI::createSound                     :     add node to async list : head = 000000002AAEC290.  list count = 2
[LOG] SystemI::createSound                     :     filename = D:\Git\SkillClicker\FMOD\SkillClicker\Build\Desktop/Master Bank.bank : mode 0a010202
[LOG] SystemI::createSound                     :     FMOD_NONBLOCKING specified.  Putting into queue to be opened asynchronously!
[LOG] OutputSoftware::createSample             :     lengthpcm 0, lengthbytes 0, channels 0, format 0, freq 0, mode 00000000
[LOG] SystemI::createSound                     :     setdata soundi = 0000000028D442C8 : node = 0000000028E50460
[LOG] SystemI::createSound                     :     add node to async list : head = 000000002AAEC290.  list count = 3
[LOG] SystemI::createSoundInternal             :     Format has 1 subsounds.
[LOG] SystemI::createSoundInternal             :     Create as FMOD_CREATESAMPLE
[LOG] SystemI::createSoundInternal             :     Multi-sample sound (1 subsounds), create a sample container.
[LOG] SystemI::createSoundInternal             :     creating subsound 0/1
[LOG] SystemI::createSample                    :     mode 0a010202 length 11284 samples, lengthbytes 3328
[LOG] SystemI::createSample                    :     channels = 2
[LOG] SystemI::createSample                    :     output = 0000000028DBA188
[LOG] OutputSoftware::createSample             :     lengthpcm 11284, lengthbytes 3328, channels 2, format 2, freq 48000, mode 0a01020a
[LOG] SystemI::createSoundInternal             :     done.  OpenState now = FMOD_OPENSTATE_READY.

[LOG] AsyncThread::threadFunc                  : Finished Asynchronous operation on sound 0000000028DBA318
[LOG] AsyncThread::threadFunc                  : Starting Asynchronous operation on sound 0000000028DBA4A8
[LOG] SystemI::createSoundInternal             :     filename = D:\Git\SkillClicker\FMOD\SkillClicker\Build\Desktop/Master Bank.bank : mode 0a010202
[LOG] SystemI::createSoundInternal             :     exinfo->cbsize             = 216
[LOG] SystemI::createSoundInternal             :     exinfo->length             = 35584
[LOG] SystemI::createSoundInternal             :     exinfo->fileoffset         = 13632
[LOG] SystemI::createSoundInternal             :     exinfo->numsubsounds       = 1
[LOG] SystemI::createSoundInternal             :     exinfo->inclusionlist      = 0000000028E50928
[LOG] SystemI::createSoundInternal             :     exinfo->inclusionlistnum   = 1
[LOG] SystemI::createSoundInternal             :     exinfo->suggestedsoundtype = 5
[LOG] SystemI::createSoundInternal             :     exinfo->initialseekpostype = 1
[LOG] SystemI::createSoundInternal             :     Format has 1 subsounds.
[LOG] SystemI::createSoundInternal             :     Create as FMOD_CREATESAMPLE
[LOG] SystemI::createSoundInternal             :     Multi-sample sound (1 subsounds), create a sample container.
[LOG] SystemI::createSoundInternal             :     creating subsound 0/1
[LOG] SystemI::createSample                    :     mode 0a010202 length 12538 samples, lengthbytes 3424
[LOG] SystemI::createSample                    :     channels = 2
[LOG] SystemI::createSample                    :     output = 0000000028DBA188
[LOG] OutputSoftware::createSample             :     lengthpcm 12538, lengthbytes 3424, channels 2, format 2, freq 48000, mode 0a01020a
[LOG] SystemI::createSoundInternal             :     done.  OpenState now = FMOD_OPENSTATE_READY.

[LOG] AsyncThread::threadFunc                  : Finished Asynchronous operation on sound 0000000028DBA4A8
[LOG] AsyncThread::threadFunc                  : Starting Asynchronous operation on sound 0000000028D43FA8
[LOG] SystemI::createSoundInternal             :     filename = D:\Git\SkillClicker\FMOD\SkillClicker\Build\Desktop/Master Bank.bank : mode 0a010202
[LOG] SystemI::createSoundInternal             :     exinfo->cbsize             = 216
[LOG] SystemI::createSoundInternal             :     exinfo->length             = 35584
[LOG] SystemI::createSoundInternal             :     exinfo->fileoffset         = 13632
[LOG] SystemI::createSoundInternal             :     exinfo->numsubsounds       = 1
[LOG] SystemI::createSoundInternal             :     exinfo->inclusionlist      = 0000000028E507E8
[LOG] SystemI::createSoundInternal             :     exinfo->inclusionlistnum   = 1
[LOG] SystemI::createSoundInternal             :     exinfo->suggestedsoundtype = 5
[LOG] SystemI::createSoundInternal             :     exinfo->initialseekpostype = 1
[LOG] SystemI::createSoundInternal             :     Format has 1 subsounds.
[LOG] SystemI::createSoundInternal             :     Create as FMOD_CREATESAMPLE
[LOG] SystemI::createSoundInternal             :     Multi-sample sound (1 subsounds), create a sample container.
[LOG] SystemI::createSoundInternal             :     creating subsound 0/1
[LOG] SystemI::createSample                    :     mode 0a010202 length 10031 samples, lengthbytes 2816
[LOG] SystemI::createSample                    :     channels = 2
[LOG] SystemI::createSample                    :     output = 0000000028DBA188
[LOG] OutputSoftware::createSample             :     lengthpcm 10031, lengthbytes 2816, channels 2, format 2, freq 48000, mode 0a01020a
[LOG] SystemI::createSoundInternal             :     done.  OpenState now = FMOD_OPENSTATE_READY.

[LOG] AsyncThread::threadFunc                  : Finished Asynchronous operation on sound 0000000028D43FA8
[LOG] AsyncThread::threadFunc                  : Starting Asynchronous operation on sound 0000000028D44138
[LOG] SystemI::createSoundInternal             :     filename = D:\Git\SkillClicker\FMOD\SkillClicker\Build\Desktop/Master Bank.bank : mode 0a010202
[LOG] SystemI::createSoundInternal             :     exinfo->cbsize             = 216
[LOG] SystemI::createSoundInternal             :     exinfo->length             = 35584
[LOG] SystemI::createSoundInternal             :     exinfo->fileoffset         = 13632
[LOG] SystemI::createSoundInternal             :     exinfo->numsubsounds       = 1
[LOG] SystemI::createSoundInternal             :     exinfo->inclusionlist      = 0000000028E506A8
[LOG] SystemI::createSoundInternal             :     exinfo->inclusionlistnum   = 1
[LOG] SystemI::createSoundInternal             :     exinfo->suggestedsoundtype = 5
[LOG] SystemI::createSoundInternal             :     exinfo->initialseekpostype = 1
[LOG] SystemI::createSoundInternal             :     Format has 1 subsounds.
[LOG] SystemI::createSoundInternal             :     Create as FMOD_CREATESAMPLE
[LOG] SystemI::createSoundInternal             :     Multi-sample sound (1 subsounds), create a sample container.
[LOG] SystemI::createSoundInternal             :     creating subsound 0/1
[LOG] SystemI::createSample                    :     mode 0a010202 length 13792 samples, lengthbytes 3488
[LOG] SystemI::createSample                    :     channels = 2
[LOG] SystemI::createSample                    :     output = 0000000028DBA188
[LOG] OutputSoftware::createSample             :     lengthpcm 13792, lengthbytes 3488, channels 2, format 2, freq 48000, mode 0a01020a
[LOG] SystemI::createSoundInternal             :     done.  OpenState now = FMOD_OPENSTATE_READY.

[LOG] AsyncThread::threadFunc                  : Finished Asynchronous operation on sound 0000000028D44138
[LOG] AsyncThread::threadFunc                  : Starting Asynchronous operation on sound 0000000028D442C8
[WRN] SoundSourceInstrumentInstance::startChannelIfReady : Loading delay exceeded, sound may play at incorrect time
[LOG] SystemI::createSoundInternal             :     filename = D:\Git\SkillClicker\FMOD\SkillClicker\Build\Desktop/Master Bank.bank : mode 0a010202
[LOG] SystemI::createSoundInternal             :     exinfo->cbsize             = 216
[LOG] SystemI::createSoundInternal             :     exinfo->length             = 35584
[LOG] SystemI::createSoundInternal             :     exinfo->fileoffset         = 13632
[LOG] SystemI::createSoundInternal             :     exinfo->numsubsounds       = 1
[LOG] SystemI::createSoundInternal             :     exinfo->inclusionlist      = 0000000028E50568
[LOG] SystemI::createSoundInternal             :     exinfo->inclusionlistnum   = 1
[LOG] SystemI::createSoundInternal             :     exinfo->suggestedsoundtype = 5
[LOG] SystemI::createSoundInternal             :     exinfo->initialseekpostype = 1
[LOG] SystemI::createSoundInternal             :     Format has 1 subsounds.
[LOG] SystemI::createSoundInternal             :     Create as FMOD_CREATESAMPLE
[LOG] SystemI::createSoundInternal             :     Multi-sample sound (1 subsounds), create a sample container.
[LOG] SystemI::createSoundInternal             :     creating subsound 0/1
[LOG] SystemI::createSample                    :     mode 0a010202 length 12538 samples, lengthbytes 3392
[LOG] SystemI::createSample                    :     channels = 2
[LOG] SystemI::createSample                    :     output = 0000000028DBA188
[LOG] OutputSoftware::createSample             :     lengthpcm 12538, lengthbytes 3392, channels 2, format 2, freq 48000, mode 0a01020a
[LOG] SystemI::createSoundInternal             :     done.  OpenState now = FMOD_OPENSTATE_READY.

[LOG] AsyncThread::threadFunc                  : Finished Asynchronous operation on sound 0000000028D442C8
[LOG] SoundI::release                          : (null) (0000000028DBA318)
[LOG] SoundI::release                          : release subsounds. (0000000028DBA318)
[LOG] SoundI::release                          :     (null) (0000000028D44458)
[LOG] SoundI::release                          : release codec. (0000000028DBA318)
[LOG] SoundI::release                          : (null) (0000000028DBA4A8)
[LOG] SoundI::release                          : release subsounds. (0000000028DBA4A8)
[LOG] SoundI::release                          :     (null) (0000000028D445E8)
[LOG] SoundI::release                          : release codec. (0000000028DBA4A8)
[LOG] SoundI::release                          : (null) (0000000028D43FA8)
[LOG] SoundI::release                          : release subsounds. (0000000028D43FA8)
[LOG] SoundI::release                          :     (null) (0000000028D44778)
[LOG] SoundI::release                          : release codec. (0000000028D43FA8)
[LOG] SoundI::release                          : (null) (0000000028D44138)
[LOG] SoundI::release                          : release subsounds. (0000000028D44138)
[LOG] SoundI::release                          :     (null) (0000000028D44908)
[LOG] SoundI::release                          : release codec. (0000000028D44138)
[LOG] SoundI::release                          : (null) (0000000028D442C8)
[LOG] SoundI::release                          : release subsounds. (0000000028D442C8)
[LOG] SoundI::release                          :     (null) (0000000028D44A98)
[LOG] SoundI::release                          : release codec. (0000000028D442C8)
[LOG] SystemI::createSound                     : filename = D:\Git\SkillClicker\FMOD\SkillClicker\Build\Desktop/Master Bank.bank : mode 0a010202
[LOG] SystemI::createSound                     : FMOD_NONBLOCKING specified.  Putting into queue to be opened asynchronously!
[LOG] OutputSoftware::createSample             : lengthpcm 0, lengthbytes 0, channels 0, format 0, freq 0, mode 00000000
[LOG] SystemI::createSound                     : setdata soundi = 0000000028DBA4A8 : node = 0000000028E50460
[LOG] SystemI::createSound                     : add node to async list : head = 000000002AAEC290.  list count = 0
[LOG] SystemI::createSound                     : filename = D:\Git\SkillClicker\FMOD\SkillClicker\Build\Desktop/Master Bank.bank : mode 0a010202
[LOG] AsyncThread::threadFunc                  : Starting Asynchronous operation on sound 0000000028DBA4A8
[LOG] SystemI::createSound                     : FMOD_NONBLOCKING specified.  Putting into queue to be opened asynchronously!
[LOG] SystemI::createSoundInternal             :     filename = D:\Git\SkillClicker\FMOD\SkillClicker\Build\Desktop/Master Bank.bank : mode 0a010202
[LOG] OutputSoftware::createSample             :     lengthpcm 0, lengthbytes 0, channels 0, format 0, freq 0, mode 00000000
[LOG] SystemI::createSoundInternal             :     exinfo->cbsize             = 216
[LOG] SystemI::createSound                     :     setdata soundi = 0000000028DBA318 : node = 0000000028E505A0
[LOG] SystemI::createSoundInternal             :     exinfo->length             = 35584
[LOG] SystemI::createSound                     :     add node to async list : head = 000000002AAEC290.  list count = 0
[LOG] SystemI::createSoundInternal             :     exinfo->fileoffset         = 13632
[LOG] SystemI::createSound                     :     filename = D:\Git\SkillClicker\FMOD\SkillClicker\Build\Desktop/Master Bank.bank : mode 0a010202
[LOG] SystemI::createSoundInternal             :     exinfo->numsubsounds       = 1
[LOG] SystemI::createSound                     :     FMOD_NONBLOCKING specified.  Putting into queue to be opened asynchronously!
[LOG] SystemI::createSoundInternal             :     exinfo->inclusionlist      = 0000000028E50568
[LOG] OutputSoftware::createSample             :     lengthpcm 0, lengthbytes 0, channels 0, format 0, freq 0, mode 00000000
[LOG] SystemI::createSoundInternal             :     exinfo->inclusionlistnum   = 1
[LOG] SystemI::createSound                     :     setdata soundi = 0000000028D43FA8 : node = 0000000028E506E0
[LOG] SystemI::createSoundInternal             :     exinfo->suggestedsoundtype = 5
[LOG] SystemI::createSound                     :     add node to async list : head = 000000002AAEC290.  list count = 1
[LOG] SystemI::createSoundInternal             :     exinfo->initialseekpostype = 1
[LOG] SystemI::createSound                     :     filename = D:\Git\SkillClicker\FMOD\SkillClicker\Build\Desktop/Master Bank.bank : mode 0a010202
[LOG] SystemI::createSound                     :     FMOD_NONBLOCKING specified.  Putting into queue to be opened asynchronously!
[LOG] OutputSoftware::createSample             :     lengthpcm 0, lengthbytes 0, channels 0, format 0, freq 0, mode 00000000
[LOG] SystemI::createSound                     :     setdata soundi = 0000000028D44138 : node = 0000000028E50820
[LOG] SystemI::createSound                     :     add node to async list : head = 000000002AAEC290.  list count = 2
[LOG] SystemI::createSound                     :     filename = D:\Git\SkillClicker\FMOD\SkillClicker\Build\Desktop/Master Bank.bank : mode 0a010202
[LOG] SystemI::createSound                     :     FMOD_NONBLOCKING specified.  Putting into queue to be opened asynchronously!
[LOG] OutputSoftware::createSample             :     lengthpcm 0, lengthbytes 0, channels 0, format 0, freq 0, mode 00000000
[LOG] SystemI::createSound                     :     setdata soundi = 0000000028D442C8 : node = 0000000028E50960
[LOG] SystemI::createSound                     :     add node to async list : head = 000000002AAEC290.  list count = 3
[LOG] SystemI::createSoundInternal             :     Format has 1 subsounds.
[LOG] SystemI::createSoundInternal             :     Create as FMOD_CREATESAMPLE
[LOG] SystemI::createSoundInternal             :     Multi-sample sound (1 subsounds), create a sample container.
[LOG] SystemI::createSoundInternal             :     creating subsound 0/1
[LOG] SystemI::createSample                    :     mode 0a010202 length 11284 samples, lengthbytes 3328
[LOG] SystemI::createSample                    :     channels = 2
[LOG] SystemI::createSample                    :     output = 0000000028DBA188
[LOG] OutputSoftware::createSample             :     lengthpcm 11284, lengthbytes 3328, channels 2, format 2, freq 48000, mode 0a01020a
[LOG] SystemI::createSoundInternal             :     done.  OpenState now = FMOD_OPENSTATE_READY.

[LOG] AsyncThread::threadFunc                  : Finished Asynchronous operation on sound 0000000028DBA4A8
[LOG] AsyncThread::threadFunc                  : Starting Asynchronous operation on sound 0000000028DBA318
[LOG] SystemI::createSoundInternal             :     filename = D:\Git\SkillClicker\FMOD\SkillClicker\Build\Desktop/Master Bank.bank : mode 0a010202
[LOG] SystemI::createSoundInternal             :     exinfo->cbsize             = 216
[LOG] SystemI::createSoundInternal             :     exinfo->length             = 35584
[LOG] SystemI::createSoundInternal             :     exinfo->fileoffset         = 13632
[LOG] SystemI::createSoundInternal             :     exinfo->numsubsounds       = 1
[LOG] SystemI::createSoundInternal             :     exinfo->inclusionlist      = 0000000028E506A8
[LOG] SystemI::createSoundInternal             :     exinfo->inclusionlistnum   = 1
[LOG] SystemI::createSoundInternal             :     exinfo->suggestedsoundtype = 5
[LOG] SystemI::createSoundInternal             :     exinfo->initialseekpostype = 1
[LOG] SystemI::createSoundInternal             :     Format has 1 subsounds.
[LOG] SystemI::createSoundInternal             :     Create as FMOD_CREATESAMPLE
[LOG] SystemI::createSoundInternal             :     Multi-sample sound (1 subsounds), create a sample container.
[LOG] SystemI::createSoundInternal             :     creating subsound 0/1
[LOG] SystemI::createSample                    :     mode 0a010202 length 12538 samples, lengthbytes 3424
[LOG] SystemI::createSample                    :     channels = 2
[LOG] SystemI::createSample                    :     output = 0000000028DBA188
[LOG] OutputSoftware::createSample             :     lengthpcm 12538, lengthbytes 3424, channels 2, format 2, freq 48000, mode 0a01020a
[LOG] SystemI::createSoundInternal             :     done.  OpenState now = FMOD_OPENSTATE_READY.

[LOG] AsyncThread::threadFunc                  : Finished Asynchronous operation on sound 0000000028DBA318
[LOG] AsyncThread::threadFunc                  : Starting Asynchronous operation on sound 0000000028D43FA8
[LOG] SystemI::createSoundInternal             :     filename = D:\Git\SkillClicker\FMOD\SkillClicker\Build\Desktop/Master Bank.bank : mode 0a010202
[LOG] SystemI::createSoundInternal             :     exinfo->cbsize             = 216
[LOG] SystemI::createSoundInternal             :     exinfo->length             = 35584
[LOG] SystemI::createSoundInternal             :     exinfo->fileoffset         = 13632
[LOG] SystemI::createSoundInternal             :     exinfo->numsubsounds       = 1
[LOG] SystemI::createSoundInternal             :     exinfo->inclusionlist      = 0000000028E507E8
[LOG] SystemI::createSoundInternal             :     exinfo->inclusionlistnum   = 1
[LOG] SystemI::createSoundInternal             :     exinfo->suggestedsoundtype = 5
[LOG] SystemI::createSoundInternal             :     exinfo->initialseekpostype = 1
[LOG] SystemI::createSoundInternal             :     Format has 1 subsounds.
[LOG] SystemI::createSoundInternal             :     Create as FMOD_CREATESAMPLE
[LOG] SystemI::createSoundInternal             :     Multi-sample sound (1 subsounds), create a sample container.
[LOG] SystemI::createSoundInternal             :     creating subsound 0/1
[LOG] SystemI::createSample                    :     mode 0a010202 length 10031 samples, lengthbytes 2816
[LOG] SystemI::createSample                    :     channels = 2
[LOG] SystemI::createSample                    :     output = 0000000028DBA188
[LOG] OutputSoftware::createSample             :     lengthpcm 10031, lengthbytes 2816, channels 2, format 2, freq 48000, mode 0a01020a
[LOG] SystemI::createSoundInternal             :     done.  OpenState now = FMOD_OPENSTATE_READY.

[LOG] AsyncThread::threadFunc                  : Finished Asynchronous operation on sound 0000000028D43FA8
[LOG] AsyncThread::threadFunc                  : Starting Asynchronous operation on sound 0000000028D44138
[LOG] SystemI::createSoundInternal             :     filename = D:\Git\SkillClicker\FMOD\SkillClicker\Build\Desktop/Master Bank.bank : mode 0a010202
[LOG] SystemI::createSoundInternal             :     exinfo->cbsize             = 216
[LOG] SystemI::createSoundInternal             :     exinfo->length             = 35584
[LOG] SystemI::createSoundInternal             :     exinfo->fileoffset         = 13632
[LOG] SystemI::createSoundInternal             :     exinfo->numsubsounds       = 1
[LOG] SystemI::createSoundInternal             :     exinfo->inclusionlist      = 0000000028E50928
[LOG] SystemI::createSoundInternal             :     exinfo->inclusionlistnum   = 1
[LOG] SystemI::createSoundInternal             :     exinfo->suggestedsoundtype = 5
[LOG] SystemI::createSoundInternal             :     exinfo->initialseekpostype = 1
[LOG] SystemI::createSoundInternal             :     Format has 1 subsounds.
[LOG] SystemI::createSoundInternal             :     Create as FMOD_CREATESAMPLE
[LOG] SystemI::createSoundInternal             :     Multi-sample sound (1 subsounds), create a sample container.
[LOG] SystemI::createSoundInternal             :     creating subsound 0/1
[LOG] SystemI::createSample                    :     mode 0a010202 length 13792 samples, lengthbytes 3488
[LOG] SystemI::createSample                    :     channels = 2
[LOG] SystemI::createSample                    :     output = 0000000028DBA188
[LOG] OutputSoftware::createSample             :     lengthpcm 13792, lengthbytes 3488, channels 2, format 2, freq 48000, mode 0a01020a
[LOG] SystemI::createSoundInternal             :     done.  OpenState now = FMOD_OPENSTATE_READY.

[LOG] AsyncThread::threadFunc                  : Finished Asynchronous operation on sound 0000000028D44138
[LOG] AsyncThread::threadFunc                  : Starting Asynchronous operation on sound 0000000028D442C8
[LOG] SystemI::createSoundInternal             :     filename = D:\Git\SkillClicker\FMOD\SkillClicker\Build\Desktop/Master Bank.bank : mode 0a010202
[LOG] SystemI::createSoundInternal             :     exinfo->cbsize             = 216
[LOG] SystemI::createSoundInternal             :     exinfo->length             = 35584
[LOG] SystemI::createSoundInternal             :     exinfo->fileoffset         = 13632
[LOG] SystemI::createSoundInternal             :     exinfo->numsubsounds       = 1
[LOG] SystemI::createSoundInternal             :     exinfo->inclusionlist      = 0000000028E50A68
[LOG] SystemI::createSoundInternal             :     exinfo->inclusionlistnum   = 1
[LOG] SystemI::createSoundInternal             :     exinfo->suggestedsoundtype = 5
[LOG] SystemI::createSoundInternal             :     exinfo->initialseekpostype = 1
[LOG] SystemI::createSoundInternal             :     Format has 1 subsounds.
[LOG] SystemI::createSoundInternal             :     Create as FMOD_CREATESAMPLE
[LOG] SystemI::createSoundInternal             :     Multi-sample sound (1 subsounds), create a sample container.
[LOG] SystemI::createSoundInternal             :     creating subsound 0/1
[LOG] SystemI::createSample                    :     mode 0a010202 length 12538 samples, lengthbytes 3392
[LOG] SystemI::createSample                    :     channels = 2
[LOG] SystemI::createSample                    :     output = 0000000028DBA188
[LOG] OutputSoftware::createSample             :     lengthpcm 12538, lengthbytes 3392, channels 2, format 2, freq 48000, mode 0a01020a
[LOG] SystemI::createSoundInternal             :     done.  OpenState now = FMOD_OPENSTATE_READY.

[LOG] AsyncThread::threadFunc                  : Finished Asynchronous operation on sound 0000000028D442C8
[WRN] SoundSourceInstrumentInstance::startChannelIfReady : Loading delay exceeded, sound may play at incorrect time
[LOG] SoundI::release                          : (null) (0000000028DBA4A8)
[LOG] SoundI::release                          : release subsounds. (0000000028DBA4A8)
[LOG] SoundI::release                          :     (null) (0000000028D44458)
[LOG] SoundI::release                          : release codec. (0000000028DBA4A8)
[LOG] SoundI::release                          : (null) (0000000028DBA318)
[LOG] SoundI::release                          : release subsounds. (0000000028DBA318)
[LOG] SoundI::release                          :     (null) (0000000028D445E8)
[LOG] SoundI::release                          : release codec. (0000000028DBA318)
[LOG] SoundI::release                          : (null) (0000000028D43FA8)
[LOG] SoundI::release                          : release subsounds. (0000000028D43FA8)
[LOG] SoundI::release                          :     (null) (0000000028D44778)
[LOG] SoundI::release                          : release codec. (0000000028D43FA8)
[LOG] SoundI::release                          : (null) (0000000028D44138)
[LOG] SoundI::release                          : release subsounds. (0000000028D44138)
[LOG] SoundI::release                          :     (null) (0000000028D44908)
[LOG] SoundI::release                          : release codec. (0000000028D44138)
[LOG] SoundI::release                          : (null) (0000000028D442C8)
[LOG] SoundI::release                          : release subsounds. (0000000028D442C8)
[LOG] SoundI::release                          :     (null) (0000000028D44A98)
[LOG] SoundI::release                          : release codec. (0000000028D442C8)
[LOG] SystemI::createSound                     : filename = D:\Git\SkillClicker\FMOD\SkillClicker\Build\Desktop/Master Bank.bank : mode 0a010202
[LOG] SystemI::createSound                     : FMOD_NONBLOCKING specified.  Putting into queue to be opened asynchronously!
[LOG] OutputSoftware::createSample             : lengthpcm 0, lengthbytes 0, channels 0, format 0, freq 0, mode 00000000
[LOG] SystemI::createSound                     : setdata soundi = 0000000028DBA318 : node = 0000000028E50960
[LOG] SystemI::createSound                     : add node to async list : head = 000000002AAEC290.  list count = 0
[LOG] SystemI::createSound                     : filename = D:\Git\SkillClicker\FMOD\SkillClicker\Build\Desktop/Master Bank.bank : mode 0a010202
[LOG] AsyncThread::threadFunc                  : Starting Asynchronous operation on sound 0000000028DBA318
[LOG] SystemI::createSoundInternal             :     filename = D:\Git\SkillClicker\FMOD\SkillClicker\Build\Desktop/Master Bank.bank : mode 0a010202
[LOG] SystemI::createSound                     : FMOD_NONBLOCKING specified.  Putting into queue to be opened asynchronously!
[LOG] SystemI::createSoundInternal             :     exinfo->cbsize             = 216
[LOG] SystemI::createSoundInternal             :     exinfo->length             = 35584
[LOG] SystemI::createSoundInternal             :     exinfo->fileoffset         = 13632
[LOG] SystemI::createSoundInternal             :     exinfo->numsubsounds       = 1
[LOG] SystemI::createSoundInternal             :     exinfo->inclusionlist      = 0000000028E50A68
[LOG] SystemI::createSoundInternal             :     exinfo->inclusionlistnum   = 1
[LOG] SystemI::createSoundInternal             :     exinfo->suggestedsoundtype = 5
[LOG] SystemI::createSoundInternal             :     exinfo->initialseekpostype = 1
[LOG] SystemI::createSoundInternal             :     Format has 1 subsounds.
[LOG] SystemI::createSoundInternal             :     Create as FMOD_CREATESAMPLE
[LOG] SystemI::createSoundInternal             :     Multi-sample sound (1 subsounds), create a sample container.
[LOG] SystemI::createSoundInternal             :     creating subsound 0/1
[LOG] SystemI::createSample                    :     mode 0a010202 length 11284 samples, lengthbytes 3328
[LOG] SystemI::createSample                    :     channels = 2
[LOG] SystemI::createSample                    :     output = 0000000028DBA188
[LOG] OutputSoftware::createSample             :     lengthpcm 11284, lengthbytes 3328, channels 2, format 2, freq 48000, mode 0a01020a
[LOG] SystemI::createSoundInternal             :     done.  OpenState now = FMOD_OPENSTATE_READY.

[LOG] AsyncThread::threadFunc                  : Finished Asynchronous operation on sound 0000000028DBA318
[LOG] OutputSoftware::createSample             : lengthpcm 0, lengthbytes 0, channels 0, format 0, freq 0, mode 00000000
[LOG] SystemI::createSound                     : setdata soundi = 000000002AB5D008 : node = 0000000028E50820
[LOG] SystemI::createSound                     : add node to async list : head = 000000002AAEC290.  list count = 0
[LOG] AsyncThread::threadFunc                  : Starting Asynchronous operation on sound 000000002AB5D008
[LOG] SystemI::createSound                     : filename = D:\Git\SkillClicker\FMOD\SkillClicker\Build\Desktop/Master Bank.bank : mode 0a010202
[LOG] SystemI::createSoundInternal             :     filename = D:\Git\SkillClicker\FMOD\SkillClicker\Build\Desktop/Master Bank.bank : mode 0a010202
[LOG] SystemI::createSound                     :     FMOD_NONBLOCKING specified.  Putting into queue to be opened asynchronously!
[LOG] SystemI::createSoundInternal             :     exinfo->length             = 35584
[LOG] OutputSoftware::createSample             :     lengthpcm 0, lengthbytes 0, channels 0, format 0, freq 0, mode 00000000
[LOG] SystemI::createSoundInternal             :     exinfo->fileoffset         = 13632
[LOG] SystemI::createSound                     :     setdata soundi = 000000002AB5D198 : node = 0000000028E506E0
[LOG] SystemI::createSoundInternal             :     exinfo->numsubsounds       = 1
[LOG] SystemI::createSoundInternal             :     exinfo->inclusionlist      = 0000000028E50928
[LOG] SystemI::createSoundInternal             :     exinfo->inclusionlistnum   = 1
[LOG] SystemI::createSoundInternal             :     exinfo->suggestedsoundtype = 5
[LOG] SystemI::createSoundInternal             :     exinfo->initialseekpostype = 1
[LOG] SystemI::createSound                     :     add node to async list : head = 000000002AAEC290.  list count = 0
[LOG] SystemI::createSoundInternal             :     Format has 1 subsounds.
[LOG] SystemI::createSound                     :     filename = D:\Git\SkillClicker\FMOD\SkillClicker\Build\Desktop/Master Bank.bank : mode 0a010202
[LOG] SystemI::createSoundInternal             :     Create as FMOD_CREATESAMPLE
[LOG] SystemI::createSound                     :     FMOD_NONBLOCKING specified.  Putting into queue to be opened asynchronously!
[LOG] SystemI::createSoundInternal             :     Multi-sample sound (1 subsounds), create a sample container.
[LOG] OutputSoftware::createSample             :     lengthpcm 0, lengthbytes 0, channels 0, format 0, freq 0, mode 00000000
[LOG] SystemI::createSoundInternal             :     creating subsound 0/1
[LOG] SystemI::createSound                     :     setdata soundi = 000000002AB5D328 : node = 0000000028E505A0
[LOG] SystemI::createSample                    :     mode 0a010202 length 12538 samples, lengthbytes 3424
[LOG] SystemI::createSound                     :     add node to async list : head = 000000002AAEC290.  list count = 1
[LOG] SystemI::createSample                    :     channels = 2
[LOG] SystemI::createSound                     :     filename = D:\Git\SkillClicker\FMOD\SkillClicker\Build\Desktop/Master Bank.bank : mode 0a010202
[LOG] SystemI::createSample                    :     output = 0000000028DBA188
[LOG] SystemI::createSound                     :     FMOD_NONBLOCKING specified.  Putting into queue to be opened asynchronously!
[LOG] OutputSoftware::createSample             :     lengthpcm 12538, lengthbytes 3424, channels 2, format 2, freq 48000, mode 0a01020a
[LOG] OutputSoftware::createSample             :     lengthpcm 0, lengthbytes 0, channels 0, format 0, freq 0, mode 00000000
[LOG] SystemI::createSound                     :     setdata soundi = 000000002AB5D648 : node = 0000000028E50460
[LOG] SystemI::createSound                     :     add node to async list : head = 000000002AAEC290.  list count = 2
[LOG] SystemI::createSoundInternal             :     done.  OpenState now = FMOD_OPENSTATE_READY.

[LOG] AsyncThread::threadFunc                  : Finished Asynchronous operation on sound 000000002AB5D008
[LOG] AsyncThread::threadFunc                  : Starting Asynchronous operation on sound 000000002AB5D198
[LOG] SystemI::createSoundInternal             :     filename = D:\Git\SkillClicker\FMOD\SkillClicker\Build\Desktop/Master Bank.bank : mode 0a010202
[LOG] SystemI::createSoundInternal             :     exinfo->cbsize             = 216
[LOG] SystemI::createSoundInternal             :     exinfo->length             = 35584
[LOG] SystemI::createSoundInternal             :     exinfo->fileoffset         = 13632
[LOG] SystemI::createSoundInternal             :     exinfo->numsubsounds       = 1
[LOG] SystemI::createSoundInternal             :     exinfo->inclusionlist      = 0000000028E507E8
[LOG] SystemI::createSoundInternal             :     exinfo->inclusionlistnum   = 1
[LOG] SystemI::createSoundInternal             :     exinfo->suggestedsoundtype = 5
[LOG] SystemI::createSoundInternal             :     exinfo->initialseekpostype = 1
[LOG] SystemI::createSoundInternal             :     Format has 1 subsounds.
[LOG] SystemI::createSoundInternal             :     Create as FMOD_CREATESAMPLE
[LOG] SystemI::createSoundInternal             :     Multi-sample sound (1 subsounds), create a sample container.
[LOG] SystemI::createSoundInternal             :     creating subsound 0/1
[LOG] SystemI::createSample                    :     mode 0a010202 length 10031 samples, lengthbytes 2816
[LOG] SystemI::createSample                    :     channels = 2
[LOG] SystemI::createSample                    :     output = 0000000028DBA188
[LOG] OutputSoftware::createSample             :     lengthpcm 10031, lengthbytes 2816, channels 2, format 2, freq 48000, mode 0a01020a
[LOG] SystemI::createSoundInternal             :     done.  OpenState now = FMOD_OPENSTATE_READY.

[LOG] AsyncThread::threadFunc                  : Finished Asynchronous operation on sound 000000002AB5D198
[LOG] AsyncThread::threadFunc                  : Starting Asynchronous operation on sound 000000002AB5D328
[LOG] SystemI::createSoundInternal             :     filename = D:\Git\SkillClicker\FMOD\SkillClicker\Build\Desktop/Master Bank.bank : mode 0a010202
[LOG] SystemI::createSoundInternal             :     exinfo->cbsize             = 216
[LOG] SystemI::createSoundInternal             :     exinfo->length             = 35584
[LOG] SystemI::createSoundInternal             :     exinfo->fileoffset         = 13632
[LOG] SystemI::createSoundInternal             :     exinfo->numsubsounds       = 1
[LOG] SystemI::createSoundInternal             :     exinfo->inclusionlist      = 0000000028E506A8
[LOG] SystemI::createSoundInternal             :     exinfo->inclusionlistnum   = 1
[LOG] SystemI::createSoundInternal             :     exinfo->suggestedsoundtype = 5
[LOG] SystemI::createSoundInternal             :     exinfo->initialseekpostype = 1
[LOG] SystemI::createSoundInternal             :     Format has 1 subsounds.
[LOG] SystemI::createSoundInternal             :     Create as FMOD_CREATESAMPLE
[LOG] SystemI::createSoundInternal             :     Multi-sample sound (1 subsounds), create a sample container.
[LOG] SystemI::createSoundInternal             :     creating subsound 0/1
[LOG] SystemI::createSample                    :     mode 0a010202 length 13792 samples, lengthbytes 3488
[LOG] SystemI::createSample                    :     channels = 2
[LOG] SystemI::createSample                    :     output = 0000000028DBA188
[LOG] OutputSoftware::createSample             :     lengthpcm 13792, lengthbytes 3488, channels 2, format 2, freq 48000, mode 0a01020a
[LOG] SystemI::createSoundInternal             :     done.  OpenState now = FMOD_OPENSTATE_READY.

[LOG] AsyncThread::threadFunc                  : Finished Asynchronous operation on sound 000000002AB5D328
[LOG] AsyncThread::threadFunc                  : Starting Asynchronous operation on sound 000000002AB5D648
[LOG] SystemI::createSoundInternal             :     filename = D:\Git\SkillClicker\FMOD\SkillClicker\Build\Desktop/Master Bank.bank : mode 0a010202
[LOG] SystemI::createSoundInternal             :     exinfo->cbsize             = 216
[LOG] SystemI::createSoundInternal             :     exinfo->length             = 35584
[LOG] SystemI::createSoundInternal             :     exinfo->fileoffset         = 13632
[LOG] SystemI::createSoundInternal             :     exinfo->numsubsounds       = 1
[LOG] SystemI::createSoundInternal             :     exinfo->inclusionlist      = 0000000028E50568
[LOG] SystemI::createSoundInternal             :     exinfo->inclusionlistnum   = 1
[LOG] SystemI::createSoundInternal             :     exinfo->suggestedsoundtype = 5
[LOG] SystemI::createSoundInternal             :     exinfo->initialseekpostype = 1
[LOG] SystemI::createSoundInternal             :     Format has 1 subsounds.
[LOG] SystemI::createSoundInternal             :     Create as FMOD_CREATESAMPLE
[LOG] SystemI::createSoundInternal             :     Multi-sample sound (1 subsounds), create a sample container.
[LOG] SystemI::createSoundInternal             :     creating subsound 0/1
[LOG] SystemI::createSample                    :     mode 0a010202 length 12538 samples, lengthbytes 3392
[LOG] SystemI::createSample                    :     channels = 2
[LOG] SystemI::createSample                    :     output = 0000000028DBA188
[LOG] OutputSoftware::createSample             :     lengthpcm 12538, lengthbytes 3392, channels 2, format 2, freq 48000, mode 0a01020a
[LOG] SystemI::createSoundInternal             :     done.  OpenState now = FMOD_OPENSTATE_READY.

[LOG] AsyncThread::threadFunc                  : Finished Asynchronous operation on sound 000000002AB5D648
[WRN] SoundSourceInstrumentInstance::startChannelIfReady : Loading delay exceeded, sound may play at incorrect time
[LOG] SoundI::release                          : (null) (0000000028DBA318)
[LOG] SoundI::release                          : release subsounds. (0000000028DBA318)
[LOG] SoundI::release                          :     (null) (0000000028DBA4A8)
[LOG] SoundI::release                          : release codec. (0000000028DBA318)
[LOG] SoundI::release                          : (null) (000000002AB5D008)
[LOG] SoundI::release                          : release subsounds. (000000002AB5D008)
[LOG] SoundI::release                          :     (null) (000000002AB5D4B8)
[LOG] SoundI::release                          : release codec. (000000002AB5D008)
[LOG] SoundI::release                          : (null) (000000002AB5D198)
[LOG] SoundI::release                          : release subsounds. (000000002AB5D198)
[LOG] SoundI::release                          :     (null) (000000002AB5D7D8)
[LOG] SoundI::release                          : release codec. (000000002AB5D198)
[LOG] SoundI::release                          : (null) (000000002AB5D328)
[LOG] SoundI::release                          : release subsounds. (000000002AB5D328)
[LOG] SoundI::release                          :     (null) (000000002AB5D968)
[LOG] SoundI::release                          : release codec. (000000002AB5D328)
[LOG] SoundI::release                          : (null) (000000002AB5D648)
[LOG] SoundI::release                          : release subsounds. (000000002AB5D648)
[LOG] SoundI::release                          :     (null) (000000002AB5DAF8)
[LOG] SoundI::release                          : release codec. (000000002AB5D648)
[LOG] Thread::callback                         : * FMOD Studio update thread finished
[LOG] Thread::close                            : FMOD Studio update thread thread destroyed
[LOG] Thread::callback                         : * FMOD Studio load thread finished
[LOG] Thread::close                            : FMOD Studio load thread thread destroyed
[LOG] Profile::disconnectAll                   : Profiler disconnecting all clients
[LOG] LiveUpdate::release                      : 
[LOG] SystemI::close                           : 
[LOG] SystemI::close                           : Stop all sounds
[LOG] Thread::callback                         : * FMOD stream thread finished
[LOG] Thread::close                            : FMOD stream thread thread destroyed
[LOG] SystemI::close                           : Stream thread destroyed
[LOG] SystemI::close                           : Shut down output.
[LOG] Thread::callback                         : * FMOD (WASAPI) feeder thread finished
[LOG] Thread::close                            : FMOD (WASAPI) feeder thread thread destroyed
[LOG] Thread::callback                         : * FMOD mixer thread finished
[LOG] Thread::close                            : FMOD mixer thread thread destroyed
[LOG] SystemI::close                           : Free master channel group.
[LOG] SystemI::close                           : Remove 'master' sound group.
[LOG] SystemI::close                           : Free software output.
[LOG] SystemI::close                           : Free emulated output.
[LOG] SystemI::close                           : Free channel pool.
[LOG] SystemI::close                           : Remove miscllaneous DSP stuff.
[LOG] Global::decRef                           : Shut down streamer and FMOD_NONBLOCKING and FileSystem thread.
[LOG] Thread::callback                         : * FMOD nonblocking thread (0) finished
[LOG] Thread::close                            : FMOD nonblocking thread (0) thread destroyed
[LOG] Global::decRef                           : Shut down file system.
[LOG] SystemI::close                           : done.

